<?xml version="1.0" encoding="UTF-8" ?>
<testsuite tests="58" failures="0" name="TestSuite" time="0.676" errors="0" skipped="0">
  <properties>
    <property name="java.runtime.name" value="OpenJDK Runtime Environment"/>
    <property name="sun.boot.library.path" value="/usr/lib/jvm/java-8-openjdk-amd64/jre/lib/amd64"/>
    <property name="java.vm.version" value="25.252-b09"/>
    <property name="java.vm.vendor" value="Private Build"/>
    <property name="maven.multiModuleProjectDirectory" value="/home/jk/eclipse-workspace/ProjectApi"/>
    <property name="java.vendor.url" value="http://java.oracle.com/"/>
    <property name="path.separator" value=":"/>
    <property name="guice.disable.misplaced.annotation.check" value="true"/>
    <property name="java.vm.name" value="OpenJDK 64-Bit Server VM"/>
    <property name="file.encoding.pkg" value="sun.io"/>
    <property name="user.country" value="IN"/>
    <property name="sun.java.launcher" value="SUN_STANDARD"/>
    <property name="sun.os.patch.level" value="unknown"/>
    <property name="java.vm.specification.name" value="Java Virtual Machine Specification"/>
    <property name="user.dir" value="/home/jk/eclipse-workspace/ProjectApi"/>
    <property name="java.runtime.version" value="1.8.0_252-8u252-b09-1ubuntu1-b09"/>
    <property name="java.awt.graphicsenv" value="sun.awt.X11GraphicsEnvironment"/>
    <property name="java.endorsed.dirs" value="/usr/lib/jvm/java-8-openjdk-amd64/jre/lib/endorsed"/>
    <property name="os.arch" value="amd64"/>
    <property name="java.io.tmpdir" value="/tmp"/>
    <property name="line.separator" value="
"/>
    <property name="java.vm.specification.vendor" value="Oracle Corporation"/>
    <property name="os.name" value="Linux"/>
    <property name="classworlds.conf" value="/home/jk/eclipse-workspace/.metadata/.plugins/org.eclipse.m2e.launching/launches/m2conf8785721888715032810.tmp"/>
    <property name="sun.jnu.encoding" value="UTF-8"/>
    <property name="java.library.path" value="/usr/java/packages/lib/amd64:/usr/lib/x86_64-linux-gnu/jni:/lib/x86_64-linux-gnu:/usr/lib/x86_64-linux-gnu:/usr/lib/jni:/lib:/usr/lib"/>
    <property name="java.specification.name" value="Java Platform API Specification"/>
    <property name="java.class.version" value="52.0"/>
    <property name="sun.management.compiler" value="HotSpot 64-Bit Tiered Compilers"/>
    <property name="os.version" value="5.4.0-40-generic"/>
    <property name="user.home" value="/home/jk"/>
    <property name="user.timezone" value="Asia/Kolkata"/>
    <property name="java.awt.printerjob" value="sun.print.PSPrinterJob"/>
    <property name="file.encoding" value="UTF-8"/>
    <property name="java.specification.version" value="1.8"/>
    <property name="user.name" value="jk"/>
    <property name="java.class.path" value="/home/jk/.p2/pool/plugins/org.eclipse.m2e.maven.runtime_1.15.0.20200310-1832/jars/plexus-classworlds-2.6.0.jar"/>
    <property name="java.vm.specification.version" value="1.8"/>
    <property name="sun.arch.data.model" value="64"/>
    <property name="java.home" value="/usr/lib/jvm/java-8-openjdk-amd64/jre"/>
    <property name="sun.java.command" value="org.codehaus.plexus.classworlds.launcher.Launcher -B clean install"/>
    <property name="java.specification.vendor" value="Oracle Corporation"/>
    <property name="user.language" value="en"/>
    <property name="awt.toolkit" value="sun.awt.X11.XToolkit"/>
    <property name="java.vm.info" value="mixed mode"/>
    <property name="java.version" value="1.8.0_252"/>
    <property name="java.ext.dirs" value="/usr/lib/jvm/java-8-openjdk-amd64/jre/lib/ext:/usr/java/packages/lib/ext"/>
    <property name="securerandom.source" value="file:/dev/./urandom"/>
    <property name="sun.boot.class.path" value="/usr/lib/jvm/java-8-openjdk-amd64/jre/lib/resources.jar:/usr/lib/jvm/java-8-openjdk-amd64/jre/lib/rt.jar:/usr/lib/jvm/java-8-openjdk-amd64/jre/lib/sunrsasign.jar:/usr/lib/jvm/java-8-openjdk-amd64/jre/lib/jsse.jar:/usr/lib/jvm/java-8-openjdk-amd64/jre/lib/jce.jar:/usr/lib/jvm/java-8-openjdk-amd64/jre/lib/charsets.jar:/usr/lib/jvm/java-8-openjdk-amd64/jre/lib/jfr.jar:/usr/lib/jvm/java-8-openjdk-amd64/jre/classes"/>
    <property name="java.vendor" value="Private Build"/>
    <property name="maven.home" value="/home/jk/eclipse-workspace/ProjectApi/EMBEDDED"/>
    <property name="file.separator" value="/"/>
    <property name="java.vendor.url.bug" value="http://bugreport.sun.com/bugreport/"/>
    <property name="sun.cpu.endian" value="little"/>
    <property name="sun.io.unicode.encoding" value="UnicodeLittle"/>
    <property name="sun.desktop" value="gnome"/>
    <property name="sun.cpu.isalist" value=""/>
  </properties>
  <testcase classname="com.mindtree.ticketshere.controller.CancelBookingControllerTest" name="testValidGetBookingId" time="0.044"/>
  <testcase classname="com.mindtree.ticketshere.controller.CancelBookingControllerTest" name="testValidisPresent" time="0.006"/>
  <testcase classname="com.mindtree.ticketshere.controller.CancelBookingControllerTest" name="testinValidisPresent" time="0.1"/>
  <testcase classname="com.mindtree.ticketshere.Dao.EventDaoImplTest" name="showTest" time="0.217"/>
  <testcase classname="com.mindtree.ticketshere.Dao.EventDaoImplTest" name="showengTest" time="0.025"/>
  <testcase classname="com.mindtree.ticketshere.Dao.EventDaoImplTest" name="showhinTest" time="0.005"/>
  <testcase classname="com.mindtree.ticketshere.Dao.EventDaoImplTest" name="showtelTest" time="0.015"/>
  <testcase classname="com.mindtree.ticketshere.service.EventServiceTest" name="displayTesting" time="0.002"/>
  <testcase classname="com.mindtree.ticketshere.service.EventServiceTest" name="displayengTesting" time="0"/>
  <testcase classname="com.mindtree.ticketshere.service.EventServiceTest" name="displayhinTesting" time="0"/>
  <testcase classname="com.mindtree.ticketshere.service.EventServiceTest" name="displaytelTesting" time="0"/>
  <testcase classname="com.mindtree.ticketshere.controller.FeedbackControllerTest" name="test" time="0.123"/>
  <testcase classname="com.mindtree.ticketshere.controller.FilterControllerTest" name="getenglishTesting" time="0"/>
  <testcase classname="com.mindtree.ticketshere.controller.FilterControllerTest" name="gethindiTesting" time="0"/>
  <testcase classname="com.mindtree.ticketshere.controller.FilterControllerTest" name="getlanguageTesting" time="0.001"/>
  <testcase classname="com.mindtree.ticketshere.controller.FilterControllerTest" name="getteluguTesting" time="0.001"/>
  <testcase classname="com.mindtree.ticketshere.controller.ForgotPasswordControllerTest" name="test" time="0.001"/>
  <testcase classname="com.mindtree.ticketshere.controller.ForgotPasswordControllerTest" name="test1" time="0.001"/>
  <testcase classname="com.mindtree.ticketshere.controller.ForgotPasswordControllerTest" name="test2" time="0.001"/>
  <testcase classname="com.mindtree.ticketshere.controller.ForgotPasswordControllerTest" name="test3" time="0.001"/>
  <testcase classname="com.mindtree.ticketshere.service.ForgotPasswordServiceTest" name="isPresentFalse" time="0"/>
  <testcase classname="com.mindtree.ticketshere.service.ForgotPasswordServiceTest" name="isPresentTrue" time="0"/>
  <testcase classname="com.mindtree.ticketshere.service.ForgotPasswordServiceTest" name="updatePasswordTest" time="0"/>
  <testcase classname="com.mindtree.ticketshere.service.ForgotPasswordServiceTest" name="verifyOtpTestInvalid" time="0"/>
  <testcase classname="com.mindtree.ticketshere.Dao.LoginSignUpDaoTest" name="isPresentOrganizerTest" time="0.006"/>
  <testcase classname="com.mindtree.ticketshere.Dao.LoginSignUpDaoTest" name="isPresentTest" time="0.005"/>
  <testcase classname="com.mindtree.ticketshere.Dao.LoginSignUpDaoTest" name="isValidOrgainizerTest" time="0.002"/>
  <testcase classname="com.mindtree.ticketshere.Dao.LoginSignUpDaoTest" name="isValidTest" time="0.002"/>
  <testcase classname="com.mindtree.ticketshere.controller.LoginSignupControllerTest" name="testInValidSignupOrganiser" time="0.001"/>
  <testcase classname="com.mindtree.ticketshere.controller.LoginSignupControllerTest" name="testInvalidLogin" time="0.001"/>
  <testcase classname="com.mindtree.ticketshere.controller.LoginSignupControllerTest" name="testInvalidLoginOrganizer" time="0"/>
  <testcase classname="com.mindtree.ticketshere.controller.LoginSignupControllerTest" name="testInvalidLoginOrganizer2" time="0"/>
  <testcase classname="com.mindtree.ticketshere.controller.LoginSignupControllerTest" name="testValidSignup" time="0.002"/>
  <testcase classname="com.mindtree.ticketshere.controller.LoginSignupControllerTest" name="testValidSignupOrganiser" time="0.001"/>
  <testcase classname="com.mindtree.ticketshere.controller.LoginSignupControllerTest" name="testinValidSignup" time="0.001"/>
  <testcase classname="com.mindtree.ticketshere.service.LoginSignupServiceTest" name="isPresentOrganizerTestFalse" time="0.001"/>
  <testcase classname="com.mindtree.ticketshere.service.LoginSignupServiceTest" name="isPresentOrganizerTestTrue" time="0.001"/>
  <testcase classname="com.mindtree.ticketshere.service.LoginSignupServiceTest" name="isPresentUserTestFalse" time="0"/>
  <testcase classname="com.mindtree.ticketshere.service.LoginSignupServiceTest" name="isPresentUserTestTrue" time="0"/>
  <testcase classname="com.mindtree.ticketshere.service.LoginSignupServiceTest" name="isValidOrganizerTestFalse" time="0.001"/>
  <testcase classname="com.mindtree.ticketshere.service.LoginSignupServiceTest" name="isValidOrganizerTestTrue" time="0.001"/>
  <testcase classname="com.mindtree.ticketshere.service.LoginSignupServiceTest" name="isValidUserTestFalse" time="0.001"/>
  <testcase classname="com.mindtree.ticketshere.service.LoginSignupServiceTest" name="isValidUserTestTrue" time="0.001"/>
  <testcase classname="com.mindtree.ticketshere.controller.SearchControllerTest" name="searchTest" time="0.001"/>
  <testcase classname="com.mindtree.ticketshere.Dao.SearchDaoTest" name="getAllEventTest" time="0.005"/>
  <testcase classname="com.mindtree.ticketshere.Dao.SearchDaoTest" name="getAllVenueTest" time="0.005"/>
  <testcase classname="com.mindtree.ticketshere.Dao.SearchDaoTest" name="getEventByTypeTest" time="0.009"/>
  <testcase classname="com.mindtree.ticketshere.Dao.SearchDaoTest" name="getEventByVenueTest" time="0.065"/>
  <testcase classname="com.mindtree.ticketshere.service.SearchServiceTest" name="getAllEventTest" time="0.001"/>
  <testcase classname="com.mindtree.ticketshere.service.SearchServiceTest" name="getParticularEventTest" time="0.002"/>
  <testcase classname="com.mindtree.ticketshere.controller.TicketsHereControllerTest" name="getSpecificEventTesting" time="0.001"/>
  <testcase classname="com.mindtree.ticketshere.controller.TicketsHereControllerTest" name="ticketsHereTesting" time="0.001"/>
  <testcase classname="com.mindtree.ticketshere.controller.TicketsHereControllerTest" name="updateTicketTesting" time="0.001"/>
  <testcase classname="com.mindtree.ticketshere.Dao.TicketsHereDaoImplTest" name="getEventTest" time="0.006"/>
  <testcase classname="com.mindtree.ticketshere.Dao.TicketsHereDaoImplTest" name="getSpecificEventTest" time="0.006"/>
  <testcase classname="com.mindtree.ticketshere.service.TicketsHereServiceImplTest" name="getSpecificEventTesting" time="0.001"/>
  <testcase classname="com.mindtree.ticketshere.service.TicketsHereServiceImplTest" name="ticketsHereTesting" time="0"/>
  <testcase classname="com.mindtree.ticketshere.service.TicketsHereServiceImplTest" name="updateTicketTesting" time="0.002"/>
</testsuite>