<?xml version="1.0" encoding="UTF-8"?>
<!-- Generated by org.testng.reporters.JUnitReportReporter -->
<testsuite hostname="jk-HP-Pavilion-15-Notebook-PC" name="com.mindtree.ticketshere.Dao.TicketsHereDaoImplTest" tests="2" failures="0" timestamp="12 Jul 2020 12:30:37 GMT" time="0.032" errors="0">
  <testcase name="getEventTest" time="0.017" classname="com.mindtree.ticketshere.Dao.TicketsHereDaoImplTest"/>
  <testcase name="getSpecificEventTest" time="0.015" classname="com.mindtree.ticketshere.Dao.TicketsHereDaoImplTest"/>
</testsuite> <!-- com.mindtree.ticketshere.Dao.TicketsHereDaoImplTest -->
