<?xml version="1.0" encoding="UTF-8"?>
<!-- Generated by org.testng.reporters.JUnitReportReporter -->
<testsuite hostname="jk-HP-Pavilion-15-Notebook-PC" name="com.mindtree.ticketshere.Dao.EventDaoImplTest" tests="4" failures="0" timestamp="12 Jul 2020 12:30:37 GMT" time="0.654" errors="0">
  <testcase name="showtelTest" time="0.206" classname="com.mindtree.ticketshere.Dao.EventDaoImplTest"/>
  <testcase name="showengTest" time="0.181" classname="com.mindtree.ticketshere.Dao.EventDaoImplTest"/>
  <testcase name="showhinTest" time="0.028" classname="com.mindtree.ticketshere.Dao.EventDaoImplTest"/>
  <testcase name="showTest" time="0.239" classname="com.mindtree.ticketshere.Dao.EventDaoImplTest"/>
</testsuite> <!-- com.mindtree.ticketshere.Dao.EventDaoImplTest -->
