<?xml version="1.0" encoding="UTF-8"?>
<!-- Generated by org.testng.reporters.JUnitReportReporter -->
<testsuite hostname="jk-HP-Pavilion-15-Notebook-PC" name="com.mindtree.ticketshere.controller.ForgotPasswordControllerTest" tests="4" failures="0" timestamp="12 Jul 2020 12:30:37 GMT" time="0.004" errors="0">
  <testcase name="test1" time="0.001" classname="com.mindtree.ticketshere.controller.ForgotPasswordControllerTest"/>
  <testcase name="test2" time="0.001" classname="com.mindtree.ticketshere.controller.ForgotPasswordControllerTest"/>
  <testcase name="test3" time="0.001" classname="com.mindtree.ticketshere.controller.ForgotPasswordControllerTest"/>
  <testcase name="test" time="0.001" classname="com.mindtree.ticketshere.controller.ForgotPasswordControllerTest"/>
</testsuite> <!-- com.mindtree.ticketshere.controller.ForgotPasswordControllerTest -->
