<?xml version="1.0" encoding="UTF-8"?>
<!-- Generated by org.testng.reporters.JUnitReportReporter -->
<testsuite hostname="jk-HP-Pavilion-15-Notebook-PC" name="com.mindtree.ticketshere.Dao.LoginSignUpDaoTest" tests="4" failures="0" timestamp="12 Jul 2020 12:30:37 GMT" time="0.054" errors="0">
  <testcase name="isValidTest" time="0.012" classname="com.mindtree.ticketshere.Dao.LoginSignUpDaoTest"/>
  <testcase name="isValidOrgainizerTest" time="0.012" classname="com.mindtree.ticketshere.Dao.LoginSignUpDaoTest"/>
  <testcase name="isPresentTest" time="0.015" classname="com.mindtree.ticketshere.Dao.LoginSignUpDaoTest"/>
  <testcase name="isPresentOrganizerTest" time="0.015" classname="com.mindtree.ticketshere.Dao.LoginSignUpDaoTest"/>
</testsuite> <!-- com.mindtree.ticketshere.Dao.LoginSignUpDaoTest -->
