<?xml version="1.0" encoding="UTF-8"?>
<!-- Generated by org.testng.reporters.JUnitReportReporter -->
<testsuite hostname="jk-HP-Pavilion-15-Notebook-PC" name="com.mindtree.ticketshere.service.ForgotPasswordServiceTest" tests="4" failures="0" timestamp="12 Jul 2020 12:30:37 GMT" time="0.002" errors="0">
  <testcase name="isPresentTrue" time="0.000" classname="com.mindtree.ticketshere.service.ForgotPasswordServiceTest"/>
  <testcase name="isPresentFalse" time="0.001" classname="com.mindtree.ticketshere.service.ForgotPasswordServiceTest"/>
  <testcase name="updatePasswordTest" time="0.000" classname="com.mindtree.ticketshere.service.ForgotPasswordServiceTest"/>
  <testcase name="verifyOtpTestInvalid" time="0.001" classname="com.mindtree.ticketshere.service.ForgotPasswordServiceTest"/>
</testsuite> <!-- com.mindtree.ticketshere.service.ForgotPasswordServiceTest -->
