<?xml version="1.0" encoding="UTF-8"?>
<!-- Generated by org.testng.reporters.JUnitReportReporter -->
<testsuite hostname="jk-HP-Pavilion-15-Notebook-PC" name="com.mindtree.ticketshere.controller.TicketsHereControllerTest" tests="3" failures="0" timestamp="12 Jul 2020 12:30:37 GMT" time="0.001" errors="0">
  <testcase name="updateTicketTesting" time="0.001" classname="com.mindtree.ticketshere.controller.TicketsHereControllerTest"/>
  <testcase name="getSpecificEventTesting" time="0.000" classname="com.mindtree.ticketshere.controller.TicketsHereControllerTest"/>
  <testcase name="ticketsHereTesting" time="0.000" classname="com.mindtree.ticketshere.controller.TicketsHereControllerTest"/>
</testsuite> <!-- com.mindtree.ticketshere.controller.TicketsHereControllerTest -->
