<?xml version="1.0" encoding="UTF-8"?>
<!-- Generated by org.testng.reporters.JUnitReportReporter -->
<testsuite hostname="jk-HP-Pavilion-15-Notebook-PC" name="com.mindtree.ticketshere.controller.CancelBookingControllerTest" tests="3" failures="0" timestamp="12 Jul 2020 12:30:37 GMT" time="0.164" errors="0">
  <testcase name="testinValidisPresent" time="0.104" classname="com.mindtree.ticketshere.controller.CancelBookingControllerTest"/>
  <testcase name="testValidGetBookingId" time="0.043" classname="com.mindtree.ticketshere.controller.CancelBookingControllerTest"/>
  <testcase name="testValidisPresent" time="0.017" classname="com.mindtree.ticketshere.controller.CancelBookingControllerTest"/>
</testsuite> <!-- com.mindtree.ticketshere.controller.CancelBookingControllerTest -->
