<?xml version="1.0" encoding="UTF-8"?>
<!-- Generated by org.testng.reporters.JUnitReportReporter -->
<testsuite hostname="jk-HP-Pavilion-15-Notebook-PC" name="com.mindtree.ticketshere.controller.FilterControllerTest" tests="4" failures="0" timestamp="12 Jul 2020 12:30:37 GMT" time="0.003" errors="0">
  <testcase name="getlanguageTesting" time="0.001" classname="com.mindtree.ticketshere.controller.FilterControllerTest"/>
  <testcase name="gethindiTesting" time="0.001" classname="com.mindtree.ticketshere.controller.FilterControllerTest"/>
  <testcase name="getteluguTesting" time="0.000" classname="com.mindtree.ticketshere.controller.FilterControllerTest"/>
  <testcase name="getenglishTesting" time="0.001" classname="com.mindtree.ticketshere.controller.FilterControllerTest"/>
</testsuite> <!-- com.mindtree.ticketshere.controller.FilterControllerTest -->
