<?xml version="1.0" encoding="UTF-8"?>
<!-- Generated by org.testng.reporters.JUnitReportReporter -->
<testsuite hostname="jk-HP-Pavilion-15-Notebook-PC" name="com.mindtree.ticketshere.controller.FeedbackControllerTest" tests="1" failures="0" timestamp="12 Jul 2020 12:30:37 GMT" time="0.122" errors="0">
  <testcase name="test" time="0.122" classname="com.mindtree.ticketshere.controller.FeedbackControllerTest"/>
</testsuite> <!-- com.mindtree.ticketshere.controller.FeedbackControllerTest -->
