<?xml version="1.0" encoding="UTF-8"?>
<!-- Generated by org.testng.reporters.JUnitReportReporter -->
<testsuite hostname="jk-HP-Pavilion-15-Notebook-PC" name="com.mindtree.ticketshere.service.LoginSignupServiceTest" tests="8" failures="0" timestamp="12 Jul 2020 12:30:37 GMT" time="0.003" errors="0">
  <testcase name="isPresentUserTestTrue" time="0.001" classname="com.mindtree.ticketshere.service.LoginSignupServiceTest"/>
  <testcase name="isValidUserTestFalse" time="0.001" classname="com.mindtree.ticketshere.service.LoginSignupServiceTest"/>
  <testcase name="isPresentUserTestFalse" time="0.000" classname="com.mindtree.ticketshere.service.LoginSignupServiceTest"/>
  <testcase name="isPresentOrganizerTestFalse" time="0.000" classname="com.mindtree.ticketshere.service.LoginSignupServiceTest"/>
  <testcase name="isValidUserTestTrue" time="0.000" classname="com.mindtree.ticketshere.service.LoginSignupServiceTest"/>
  <testcase name="isPresentOrganizerTestTrue" time="0.000" classname="com.mindtree.ticketshere.service.LoginSignupServiceTest"/>
  <testcase name="isValidOrganizerTestTrue" time="0.000" classname="com.mindtree.ticketshere.service.LoginSignupServiceTest"/>
  <testcase name="isValidOrganizerTestFalse" time="0.001" classname="com.mindtree.ticketshere.service.LoginSignupServiceTest"/>
</testsuite> <!-- com.mindtree.ticketshere.service.LoginSignupServiceTest -->
