<?xml version="1.0" encoding="UTF-8"?>
<!-- Generated by org.testng.reporters.JUnitReportReporter -->
<testsuite hostname="jk-HP-Pavilion-15-Notebook-PC" name="com.mindtree.ticketshere.service.TicketsHereServiceImplTest" tests="3" failures="0" timestamp="12 Jul 2020 12:30:37 GMT" time="0.005" errors="0">
  <testcase name="ticketsHereTesting" time="0.001" classname="com.mindtree.ticketshere.service.TicketsHereServiceImplTest"/>
  <testcase name="updateTicketTesting" time="0.003" classname="com.mindtree.ticketshere.service.TicketsHereServiceImplTest"/>
  <testcase name="getSpecificEventTesting" time="0.001" classname="com.mindtree.ticketshere.service.TicketsHereServiceImplTest"/>
</testsuite> <!-- com.mindtree.ticketshere.service.TicketsHereServiceImplTest -->
