<?xml version="1.0" encoding="UTF-8"?>
<!-- Generated by org.testng.reporters.JUnitReportReporter -->
<testsuite hostname="jk-HP-Pavilion-15-Notebook-PC" name="com.mindtree.ticketshere.service.SearchServiceTest" tests="2" failures="0" timestamp="12 Jul 2020 12:30:37 GMT" time="0.003" errors="0">
  <testcase name="getParticularEventTest" time="0.002" classname="com.mindtree.ticketshere.service.SearchServiceTest"/>
  <testcase name="getAllEventTest" time="0.001" classname="com.mindtree.ticketshere.service.SearchServiceTest"/>
</testsuite> <!-- com.mindtree.ticketshere.service.SearchServiceTest -->
