<?xml version="1.0" encoding="UTF-8"?>
<!-- Generated by org.testng.reporters.JUnitReportReporter -->
<testsuite hostname="jk-HP-Pavilion-15-Notebook-PC" name="com.mindtree.ticketshere.service.EventServiceTest" tests="4" failures="0" timestamp="12 Jul 2020 12:30:37 GMT" time="0.000" errors="0">
  <testcase name="displayTesting" time="0.000" classname="com.mindtree.ticketshere.service.EventServiceTest"/>
  <testcase name="displayhinTesting" time="0.000" classname="com.mindtree.ticketshere.service.EventServiceTest"/>
  <testcase name="displayengTesting" time="0.000" classname="com.mindtree.ticketshere.service.EventServiceTest"/>
  <testcase name="displaytelTesting" time="0.000" classname="com.mindtree.ticketshere.service.EventServiceTest"/>
</testsuite> <!-- com.mindtree.ticketshere.service.EventServiceTest -->
