<?xml version="1.0" encoding="UTF-8"?>
<!-- Generated by org.testng.reporters.JUnitReportReporter -->
<testsuite hostname="jk-HP-Pavilion-15-Notebook-PC" name="com.mindtree.ticketshere.Dao.SearchDaoTest" tests="4" failures="0" timestamp="12 Jul 2020 12:30:37 GMT" time="0.127" errors="0">
  <testcase name="getAllEventTest" time="0.024" classname="com.mindtree.ticketshere.Dao.SearchDaoTest"/>
  <testcase name="getEventByVenueTest" time="0.073" classname="com.mindtree.ticketshere.Dao.SearchDaoTest"/>
  <testcase name="getEventByTypeTest" time="0.017" classname="com.mindtree.ticketshere.Dao.SearchDaoTest"/>
  <testcase name="getAllVenueTest" time="0.013" classname="com.mindtree.ticketshere.Dao.SearchDaoTest"/>
</testsuite> <!-- com.mindtree.ticketshere.Dao.SearchDaoTest -->
