<?xml version="1.0" encoding="UTF-8"?>
<!-- Generated by org.testng.reporters.JUnitReportReporter -->
<testsuite hostname="jk-HP-Pavilion-15-Notebook-PC" name="com.mindtree.ticketshere.controller.LoginSignupControllerTest" tests="7" failures="0" timestamp="12 Jul 2020 12:30:37 GMT" time="0.008" errors="0">
  <testcase name="testInValidSignupOrganiser" time="0.001" classname="com.mindtree.ticketshere.controller.LoginSignupControllerTest"/>
  <testcase name="testValidSignupOrganiser" time="0.002" classname="com.mindtree.ticketshere.controller.LoginSignupControllerTest"/>
  <testcase name="testinValidSignup" time="0.001" classname="com.mindtree.ticketshere.controller.LoginSignupControllerTest"/>
  <testcase name="testInvalidLoginOrganizer2" time="0.000" classname="com.mindtree.ticketshere.controller.LoginSignupControllerTest"/>
  <testcase name="testInvalidLoginOrganizer" time="0.001" classname="com.mindtree.ticketshere.controller.LoginSignupControllerTest"/>
  <testcase name="testValidSignup" time="0.002" classname="com.mindtree.ticketshere.controller.LoginSignupControllerTest"/>
  <testcase name="testInvalidLogin" time="0.001" classname="com.mindtree.ticketshere.controller.LoginSignupControllerTest"/>
</testsuite> <!-- com.mindtree.ticketshere.controller.LoginSignupControllerTest -->
